<?xml version="1.0" encoding="utf-8"?>
<!--
  ~ This Source Code Form is subject to the terms of the Mozilla Public License,
  ~ v. 2.0. If a copy of the MPL was not distributed with this file, You can
  ~  obtain one at http://mozilla.org/MPL/2.0/. OpenMRS is also distributed under
  ~ the terms of the Healthcare Disclaimer located at http://openmrs.org/license.
  ~
  ~ Copyright (C) OpenMRS Inc. OpenMRS is a registered trademark and the OpenMRS
  ~ graphic logo is a trademark of OpenMRS Inc.
  -->

<!DOCTYPE hibernate-configuration PUBLIC
        "-//Hibernate/Hibernate Configuration DTD 3.0//EN"
        "http://hibernate.sourceforge.net/hibernate-configuration-3.0.dtd">

<hibernate-configuration>
    <session-factory>
        <mapping resource="Beneficiary.hbm.xml"/>
        <mapping resource="BillableService.hbm.xml" />
        <mapping resource="BillPayment.hbm.xml" />
        <mapping resource="FacilityServicePrice.hbm.xml" />
        <mapping resource="Insurance.hbm.xml" />
        <mapping resource="InsurancePolicy.hbm.xml" />
        <mapping resource="InsuranceRate.hbm.xml" />
        <mapping resource="PatientBill.hbm.xml" />
        <mapping resource="PatientServiceBill.hbm.xml" />
        <mapping resource="Recovery.hbm.xml" />
        <mapping resource="ServiceCategory.hbm.xml" />
        <mapping resource="ThirdParty.hbm.xml" />
    </session-factory>
</hibernate-configuration>